<?xml version="1.0" encoding="UTF-8"?>
<!-- Generated by org.testng.reporters.JUnitXMLReporter -->
<testsuite ignored="0" hostname="DESKTOP-68K6PMG" failures="1" tests="1" name="Test" time="0.139" errors="0" timestamp="2021-03-30T10:03:47 IST">
  <testcase classname="ArangoDB_Pack.Read_Documents" name="MyGETRequest" time="0.116">
    <failure type="java.io.FileNotFoundException" message=".\File_Properties\Data_File.xlsx (The system cannot find the path specified)">
      <![CDATA[java.io.FileNotFoundException: .\File_Properties\Data_File.xlsx (The system cannot find the path specified)
at java.base/java.io.FileInputStream.open0(Native Method)
at java.base/java.io.FileInputStream.open(FileInputStream.java:211)
at java.base/java.io.FileInputStream.<init>(FileInputStream.java:153)
at ArangoDB_Pack.Read_Documents.MyGETRequest(Read_Documents.java:38)
at java.base/java.util.ArrayList.forEach(ArrayList.java:1511)
... Removed 27 stack frames]]>
    </failure>
  </testcase> <!-- MyGETRequest -->
</testsuite> <!-- Test -->
